<?xml version="1.0" encoding="UTF-8"?>
<!-- Generated by org.testng.reporters.JUnitXMLReporter -->
<testsuite hostname="PCIN487542" name="Add Customer Test" tests="1" failures="1" timestamp="23 Apr 2020 14:40:31 GMT" time="3.413" errors="0">
  <testcase name="addCustomer" time="3.397" classname="com.w2a.testcases.AddCustomerTest">
    <failure type="java.lang.AssertionError" message="Customer not added successfully">
      <![CDATA[java.lang.AssertionError: Customer not added successfully
	at com.w2a.testcases.AddCustomerTest.addCustomer(AddCustomerTest.java:36)
... Removed 25 stack frames]]>
    </failure>
  </testcase> <!-- addCustomer -->
</testsuite> <!-- Add Customer Test -->
